#
# A fatal error has been detected by the Java Runtime Environment:
#
#  SIGSEGV (0xb) at pc=0x000000010c64c594, pid=1325, tid=0x0000000000004303
#
# JRE version: Java(TM) SE Runtime Environment (8.0_101-b13) (build 1.8.0_101-b13)
# Java VM: Java HotSpot(TM) 64-Bit Server VM (25.101-b13 mixed mode bsd-amd64 compressed oops)
# Problematic frame:
# V  [libjvm.dylib+0x44c594]
#
# Failed to write core dump. Core dumps have been disabled. To enable core dumping, try "ulimit -c unlimited" before starting Java again
#
# If you would like to submit a bug report, please visit:
#   http://bugreport.java.com/bugreport/crash.jsp
#

---------------  T H R E A D  ---------------

Current thread (0x00007fa79a867000):  JavaThread "JDWP Transport Listener: dt_socket" daemon [_thread_in_vm, id=17155, stack(0x0000700000b3b000,0x0000700000c3b000)]

siginfo: si_signo: 11 (SIGSEGV), si_code: 0 (unknown), si_addr: 0x0000000000000000

Registers:
RAX=0x0000000000000001, RBX=0x0000700000c3aa8b, RCX=0x000000010ca1f360, RDX=0x0000700000c3aa8b
RSP=0x0000700000c3a9d0, RBP=0x0000700000c3a9e0, RSI=0x00007fa79a867000, RDI=0x32746e656d6e0002
R8 =0x0000000000000000, R9 =0x00007fa799d30630, R10=0x0000000062d8dfb6, R11=0x00007fa799d00000
R12=0x00007fa79a867000, R13=0x32746e656d6e0002, R14=0x32746e656d6e0002, R15=0x00007fa799d01ca0
RIP=0x000000010c64c594, EFLAGS=0x0000000000010202, ERR=0x0000000000000000
  TRAPNO=0x000000000000000d

Top of Stack: (sp=0x0000700000c3a9d0)
0x0000700000c3a9d0:   0000700000c3aa8b 0000700000c3aa8b
0x0000700000c3a9e0:   0000700000c3aa40 000000010c5580d2
0x0000700000c3a9f0:   00007fa79a867000 0000000000000000
0x0000700000c3aa00:   0000000000000000 0000000000000000
0x0000700000c3aa10:   00007fa79a867000 00007fa79a867000
0x0000700000c3aa20:   0000700000c3aa8b 0000700000c3aa90
0x0000700000c3aa30:   32746e656d6e0002 0000000000000002
0x0000700000c3aa40:   0000700000c3aa60 000000010b99e780
0x0000700000c3aa50:   0000000000000001 0000700000c3ab08
0x0000700000c3aa60:   0000700000c3aad0 000000010b9831f3
0x0000700000c3aa70:   0000700000c3aaa0 00007fa799d33e70
0x0000700000c3aa80:   0000000400000032 0000000900c3ab08
0x0000700000c3aa90:   0000000000000000 0000000000000000
0x0000700000c3aaa0:   0000000000000000 0000700000c3ac90
0x0000700000c3aab0:   000000010b9a5e7a 00007fa799c0a910
0x0000700000c3aac0:   0000700000c3ab08 000000010b9b1598
0x0000700000c3aad0:   0000700000c3aae0 000000010b9832ec
0x0000700000c3aae0:   0000700000c3ad00 000000010b98c898
0x0000700000c3aaf0:   0000030300000013 00000000000f0200
0x0000700000c3ab00:   00007fa799c08900 0000700000c3abb7
0x0000700000c3ab10:   00007fa7000000cd 0000700000c3ab20
0x0000700000c3ab20:   000000000000005f 0000700000c3ab58
0x0000700000c3ab30:   0000000000000000 0000000000000000
0x0000700000c3ab40:   000003030000001c 00007fff0000cc80
0x0000700000c3ab50:   0000700000c3ab58 a77f000004000000
0x0000700000c3ab60:   0b00000038f7f099 7241656372617073
0x0000700000c3ab70:   2806000000796172 000000495b294449
0x0000700000c3ab80:   7f00000a00000000 00000028f7f099a7
0x0000700000c3ab90:   0000006e69616d04 6176616a4c5b2816
0x0000700000c3aba0:   74532f676e616c2f 0056293b676e6972
0x0000700000c3abb0:   6c09000000000000 2813000000737361
0x0000700000c3abc0:   6c2f6176616a4c29 73616c432f676e61 

Instructions: (pc=0x000000010c64c594)
0x000000010c64c574:   40 48 48 85 c0 75 e0 30 c0 0f b6 c0 5d c3 31 c0
0x000000010c64c584:   5d c3 55 48 89 e5 53 48 83 ec 08 48 85 ff 74 24
0x000000010c64c594:   48 8b 1f 48 85 db 74 1c 48 83 fb 37 74 16 48 8b
0x000000010c64c5a4:   03 48 89 df ff 50 10 84 c0 b8 00 00 00 00 48 0f 

Register to memory mapping:

RAX=0x0000000000000001 is an unknown value
RBX=0x0000700000c3aa8b is pointing into the stack for thread: 0x00007fa79a867000
RCX=0x000000010ca1f360: UseMembar+0 in /Library/Java/JavaVirtualMachines/jdk1.8.0_101.jdk/Contents/Home/jre/lib/server/libjvm.dylib at 0x000000010c200000
RDX=0x0000700000c3aa8b is pointing into the stack for thread: 0x00007fa79a867000
RSP=0x0000700000c3a9d0 is pointing into the stack for thread: 0x00007fa79a867000
RBP=0x0000700000c3a9e0 is pointing into the stack for thread: 0x00007fa79a867000
RSI=0x00007fa79a867000 is a thread
RDI=0x32746e656d6e0002 is an unknown value
R8 =0x0000000000000000 is an unknown value
R9 =0x00007fa799d30630 is an unknown value
R10=0x0000000062d8dfb6 is an unknown value
R11=0x00007fa799d00000 is an unknown value
R12=0x00007fa79a867000 is a thread
R13=0x32746e656d6e0002 is an unknown value
R14=0x32746e656d6e0002 is an unknown value
R15=0x00007fa799d01ca0 is an unknown value


Stack: [0x0000700000b3b000,0x0000700000c3b000],  sp=0x0000700000c3a9d0,  free space=1022k
Native frames: (J=compiled Java code, j=interpreted, Vv=VM code, C=native code)
V  [libjvm.dylib+0x44c594]
V  [libjvm.dylib+0x3580d2]
C  [libjdwp.dylib+0x20780]  isMethodSynthetic+0x63
C  [libjdwp.dylib+0x51f3]  methods1+0x10b
C  [libjdwp.dylib+0x52ec]  methodsWithGeneric+0xe
C  [libjdwp.dylib+0xe898]  debugLoop_run+0x1ce
C  [libjdwp.dylib+0x1f6ba]  attachThread+0x4d
V  [libjvm.dylib+0x399438]
V  [libjvm.dylib+0x5695ab]
V  [libjvm.dylib+0x56ac98]
V  [libjvm.dylib+0x48933a]
C  [libsystem_pthread.dylib+0x399d]  _pthread_body+0x83
C  [libsystem_pthread.dylib+0x391a]  _pthread_body+0x0
C  [libsystem_pthread.dylib+0x1351]  thread_start+0xd
C  0x0000000000000000


---------------  P R O C E S S  ---------------

Java Threads: ( => current thread )
  0x00007fa79b033000 JavaThread "Service Thread" daemon [_thread_blocked, id=20227, stack(0x000070000114d000,0x000070000124d000)]
  0x00007fa79b032000 JavaThread "C1 CompilerThread2" daemon [_thread_blocked, id=19715, stack(0x000070000104a000,0x000070000114a000)]
  0x00007fa79b028800 JavaThread "C2 CompilerThread1" daemon [_thread_blocked, id=19203, stack(0x0000700000f47000,0x0000700001047000)]
  0x00007fa79a007000 JavaThread "C2 CompilerThread0" daemon [_thread_blocked, id=18691, stack(0x0000700000e44000,0x0000700000f44000)]
  0x00007fa79b815000 JavaThread "JDWP Command Reader" daemon [_thread_in_native, id=18179, stack(0x0000700000d41000,0x0000700000e41000)]
  0x00007fa79a866000 JavaThread "JDWP Event Helper Thread" daemon [_thread_blocked, id=17667, stack(0x0000700000c3e000,0x0000700000d3e000)]
=>0x00007fa79a867000 JavaThread "JDWP Transport Listener: dt_socket" daemon [_thread_in_vm, id=17155, stack(0x0000700000b3b000,0x0000700000c3b000)]
  0x00007fa79b01e000 JavaThread "Signal Dispatcher" daemon [_thread_blocked, id=13839, stack(0x0000700000a38000,0x0000700000b38000)]
  0x00007fa79b01c000 JavaThread "Finalizer" daemon [_thread_blocked, id=12291, stack(0x000070000082f000,0x000070000092f000)]
  0x00007fa79b015800 JavaThread "Reference Handler" daemon [_thread_blocked, id=11779, stack(0x000070000072c000,0x000070000082c000)]
  0x00007fa79a804800 JavaThread "main" [_thread_in_native, id=5891, stack(0x000070000011a000,0x000070000021a000)]

Other Threads:
  0x00007fa79a848800 VMThread [stack: 0x0000700000629000,0x0000700000729000] [id=11267]
  0x00007fa79a86e000 WatcherThread [stack: 0x0000700001250000,0x0000700001350000] [id=20739]

VM state:not at safepoint (normal execution)

VM Mutex/Monitor currently owned by a thread: None

Heap:
 PSYoungGen      total 28672K, used 2473K [0x00000007a0000000, 0x00000007a2000000, 0x00000007c0000000)
  eden space 24576K, 10% used [0x00000007a0000000,0x00000007a026a7d0,0x00000007a1800000)
  from space 4096K, 0% used [0x00000007a1c00000,0x00000007a1c00000,0x00000007a2000000)
  to   space 4096K, 0% used [0x00000007a1800000,0x00000007a1800000,0x00000007a1c00000)
 ParOldGen       total 65536K, used 0K [0x0000000760000000, 0x0000000764000000, 0x00000007a0000000)
  object space 65536K, 0% used [0x0000000760000000,0x0000000760000000,0x0000000764000000)
 Metaspace       used 3538K, capacity 4664K, committed 4864K, reserved 1056768K
  class space    used 403K, capacity 424K, committed 512K, reserved 1048576K

Card table byte_map: [0x000000011c55d000,0x000000011c85e000] byte_map_base: 0x0000000118a5d000

Marking Bits: (ParMarkBitMap*) 0x000000010caedd20
 Begin Bits: [0x000000011ca5e000, 0x000000011e25e000)
 End Bits:   [0x000000011e25e000, 0x000000011fa5e000)

Polling page: 0x000000010b97d000

CodeCache: size=245760Kb used=1197Kb max_used=1197Kb free=244562Kb
 bounds [0x000000010d19d000, 0x000000010d40d000, 0x000000011c19d000]
 total_blobs=310 nmethods=77 adapters=155
 compilation: enabled

Compilation events (10 events):
Event: 0.705 Thread 0x00007fa79b032000   73       3       java.util.regex.ASCII::isAscii (13 bytes)
Event: 0.705 Thread 0x00007fa79b032000 nmethod 73 0x000000010d2c7490 code [0x000000010d2c7600, 0x000000010d2c7790]
Event: 0.705 Thread 0x00007fa79b032000   74       3       java.util.regex.Pattern::peek (26 bytes)
Event: 0.705 Thread 0x00007fa79b032000 nmethod 74 0x000000010d2c7810 code [0x000000010d2c79a0, 0x000000010d2c7c68]
Event: 0.705 Thread 0x00007fa79b032000   75       3       java.lang.Character::isBmpCodePoint (13 bytes)
Event: 0.705 Thread 0x00007fa79b032000 nmethod 75 0x000000010d2c7d90 code [0x000000010d2c7f00, 0x000000010d2c8090]
Event: 0.705 Thread 0x00007fa79b032000   76       3       java.util.regex.Pattern::next (33 bytes)
Event: 0.705 Thread 0x00007fa79b032000 nmethod 76 0x000000010d2c8110 code [0x000000010d2c82a0, 0x000000010d2c8568]
Event: 0.705 Thread 0x00007fa79b032000   77       1       java.util.regex.Pattern::flags (5 bytes)
Event: 0.706 Thread 0x00007fa79b032000 nmethod 77 0x000000010d2c8690 code [0x000000010d2c87e0, 0x000000010d2c88f0]

GC Heap History (0 events):
No events

Deoptimization events (0 events):
No events

Internal exceptions (10 events):
Event: 0.636 Thread 0x00007fa79a804800 Exception <a 'java/util/zip/ZipException'> (0x00000007a01232e0) thrown at [/HUDSON3/workspace/8-2-build-macosx-x86_64/jdk8u101/7261/hotspot/src/share/vm/prims/jni.cpp, line 709]
Event: 0.636 Thread 0x00007fa79a804800 Exception <a 'java/security/PrivilegedActionException'> (0x00000007a01234e8) thrown at [/HUDSON3/workspace/8-2-build-macosx-x86_64/jdk8u101/7261/hotspot/src/share/vm/prims/jvm.cpp, line 1386]
Event: 0.636 Thread 0x00007fa79a804800 Exception <a 'java/security/PrivilegedActionException'> (0x00000007a01236f8) thrown at [/HUDSON3/workspace/8-2-build-macosx-x86_64/jdk8u101/7261/hotspot/src/share/vm/prims/jvm.cpp, line 1386]
Event: 0.638 Thread 0x00007fa79a804800 Exception <a 'java/util/zip/ZipException'> (0x00000007a0135070) thrown at [/HUDSON3/workspace/8-2-build-macosx-x86_64/jdk8u101/7261/hotspot/src/share/vm/prims/jni.cpp, line 709]
Event: 0.638 Thread 0x00007fa79a804800 Exception <a 'java/security/PrivilegedActionException'> (0x00000007a0135278) thrown at [/HUDSON3/workspace/8-2-build-macosx-x86_64/jdk8u101/7261/hotspot/src/share/vm/prims/jvm.cpp, line 1386]
Event: 0.638 Thread 0x00007fa79a804800 Exception <a 'java/security/PrivilegedActionException'> (0x00000007a0135488) thrown at [/HUDSON3/workspace/8-2-build-macosx-x86_64/jdk8u101/7261/hotspot/src/share/vm/prims/jvm.cpp, line 1386]
Event: 0.692 Thread 0x00007fa79a804800 Exception <a 'java/security/PrivilegedActionException'> (0x00000007a0162588) thrown at [/HUDSON3/workspace/8-2-build-macosx-x86_64/jdk8u101/7261/hotspot/src/share/vm/prims/jvm.cpp, line 1386]
Event: 0.692 Thread 0x00007fa79a804800 Exception <a 'java/security/PrivilegedActionException'> (0x00000007a0162980) thrown at [/HUDSON3/workspace/8-2-build-macosx-x86_64/jdk8u101/7261/hotspot/src/share/vm/prims/jvm.cpp, line 1386]
Event: 0.692 Thread 0x00007fa79a804800 Exception <a 'java/security/PrivilegedActionException'> (0x00000007a0165e70) thrown at [/HUDSON3/workspace/8-2-build-macosx-x86_64/jdk8u101/7261/hotspot/src/share/vm/prims/jvm.cpp, line 1386]
Event: 0.692 Thread 0x00007fa79a804800 Exception <a 'java/security/PrivilegedActionException'> (0x00000007a0166268) thrown at [/HUDSON3/workspace/8-2-build-macosx-x86_64/jdk8u101/7261/hotspot/src/share/vm/prims/jvm.cpp, line 1386]

Events (10 events):
Event: 40741.142 Executing VM operation: EnterInterpOnlyMode
Event: 40741.142 Executing VM operation: EnterInterpOnlyMode done
Event: 40741.142 Executing VM operation: EnterInterpOnlyMode
Event: 40741.142 Executing VM operation: EnterInterpOnlyMode done
Event: 40741.142 Executing VM operation: EnterInterpOnlyMode
Event: 40741.142 Executing VM operation: EnterInterpOnlyMode done
Event: 40741.142 Executing VM operation: EnterInterpOnlyMode
Event: 40741.142 Executing VM operation: EnterInterpOnlyMode done
Event: 55122.916 Executing VM operation: RedefineClasses
Event: 55122.932 Executing VM operation: RedefineClasses done


Dynamic libraries:
0x0000000006aa0000 	/System/Library/Frameworks/Cocoa.framework/Versions/A/Cocoa
0x0000000006aa0000 	/System/Library/Frameworks/Security.framework/Versions/A/Security
0x0000000006aa0000 	/System/Library/Frameworks/ApplicationServices.framework/Versions/A/ApplicationServices
0x0000000006aa0000 	/usr/lib/libz.1.dylib
0x0000000006aa0000 	/usr/lib/libSystem.B.dylib
0x0000000006aa0000 	/usr/lib/libobjc.A.dylib
0x0000000006aa0000 	/System/Library/Frameworks/CoreFoundation.framework/Versions/A/CoreFoundation
0x0000000006aa0000 	/System/Library/Frameworks/Foundation.framework/Versions/C/Foundation
0x0000000006aa0000 	/System/Library/Frameworks/AppKit.framework/Versions/C/AppKit
0x0000000006aa0000 	/System/Library/Frameworks/CoreData.framework/Versions/A/CoreData
0x0000000006aa0000 	/System/Library/PrivateFrameworks/RemoteViewServices.framework/Versions/A/RemoteViewServices
0x0000000006aa0000 	/System/Library/PrivateFrameworks/UIFoundation.framework/Versions/A/UIFoundation
0x0000000006aa0000 	/usr/lib/libScreenReader.dylib
0x0000000006aa0000 	/System/Library/Frameworks/Accelerate.framework/Versions/A/Accelerate
0x0000000006aa0000 	/System/Library/Frameworks/IOSurface.framework/Versions/A/IOSurface
0x0000000006aa0000 	/System/Library/Frameworks/AudioToolbox.framework/Versions/A/AudioToolbox
0x0000000006aa0000 	/System/Library/Frameworks/AudioUnit.framework/Versions/A/AudioUnit
0x0000000006aa0000 	/System/Library/PrivateFrameworks/DataDetectorsCore.framework/Versions/A/DataDetectorsCore
0x0000000006aa0000 	/System/Library/PrivateFrameworks/DesktopServicesPriv.framework/Versions/A/DesktopServicesPriv
0x0000000006aa0000 	/System/Library/Frameworks/Carbon.framework/Versions/A/Frameworks/HIToolbox.framework/Versions/A/HIToolbox
0x0000000006aa0000 	/System/Library/Frameworks/QuartzCore.framework/Versions/A/QuartzCore
0x0000000006aa0000 	/System/Library/Frameworks/Carbon.framework/Versions/A/Frameworks/SpeechRecognition.framework/Versions/A/SpeechRecognition
0x0000000006aa0000 	/usr/lib/libauto.dylib
0x0000000006aa0000 	/usr/lib/libicucore.A.dylib
0x0000000006aa0000 	/usr/lib/libxml2.2.dylib
0x0000000006aa0000 	/System/Library/PrivateFrameworks/CoreUI.framework/Versions/A/CoreUI
0x0000000006aa0000 	/System/Library/Frameworks/CoreAudio.framework/Versions/A/CoreAudio
0x0000000006aa0000 	/System/Library/Frameworks/DiskArbitration.framework/Versions/A/DiskArbitration
0x0000000006aa0000 	/usr/lib/liblangid.dylib
0x0000000006aa0000 	/System/Library/PrivateFrameworks/MultitouchSupport.framework/Versions/A/MultitouchSupport
0x0000000006aa0000 	/System/Library/Frameworks/IOKit.framework/Versions/A/IOKit
0x0000000006aa0000 	/usr/lib/libDiagnosticMessagesClient.dylib
0x0000000006aa0000 	/System/Library/Frameworks/CoreServices.framework/Versions/A/CoreServices
0x0000000006aa0000 	/System/Library/PrivateFrameworks/PerformanceAnalysis.framework/Versions/A/PerformanceAnalysis
0x0000000006aa0000 	/System/Library/PrivateFrameworks/GenerationalStorage.framework/Versions/A/GenerationalStorage
0x0000000006aa0000 	/System/Library/Frameworks/OpenGL.framework/Versions/A/OpenGL
0x0000000006aa0000 	/System/Library/PrivateFrameworks/Sharing.framework/Versions/A/Sharing
0x0000000006aa0000 	/System/Library/Frameworks/CoreGraphics.framework/Versions/A/CoreGraphics
0x0000000006aa0000 	/System/Library/Frameworks/CoreImage.framework/Versions/A/CoreImage
0x0000000006aa0000 	/System/Library/Frameworks/CoreText.framework/Versions/A/CoreText
0x0000000006aa0000 	/System/Library/Frameworks/ImageIO.framework/Versions/A/ImageIO
0x0000000006aa0000 	/System/Library/PrivateFrameworks/Backup.framework/Versions/A/Backup
0x0000000006aa0000 	/usr/lib/libextension.dylib
0x0000000006aa0000 	/usr/lib/libarchive.2.dylib
0x0000000006aa0000 	/System/Library/Frameworks/CFNetwork.framework/Versions/A/CFNetwork
0x0000000006aa0000 	/System/Library/Frameworks/SystemConfiguration.framework/Versions/A/SystemConfiguration
0x0000000006aa0000 	/usr/lib/libCRFSuite.dylib
0x0000000006aa0000 	/usr/lib/libc++.1.dylib
0x0000000006aa0000 	/usr/lib/libc++abi.dylib
0x0000000006aa0000 	/usr/lib/system/libcache.dylib
0x0000000006aa0000 	/usr/lib/system/libcommonCrypto.dylib
0x0000000006aa0000 	/usr/lib/system/libcompiler_rt.dylib
0x0000000006aa0000 	/usr/lib/system/libcopyfile.dylib
0x0000000006aa0000 	/usr/lib/system/libcorecrypto.dylib
0x0000000006aa0000 	/usr/lib/system/libdispatch.dylib
0x0000000006aa0000 	/usr/lib/system/libdyld.dylib
0x0000000006aa0000 	/usr/lib/system/libkeymgr.dylib
0x0000000006aa0000 	/usr/lib/system/liblaunch.dylib
0x0000000006aa0000 	/usr/lib/system/libmacho.dylib
0x0000000006aa0000 	/usr/lib/system/libquarantine.dylib
0x0000000006aa0000 	/usr/lib/system/libremovefile.dylib
0x0000000006aa0000 	/usr/lib/system/libsystem_asl.dylib
0x0000000006aa0000 	/usr/lib/system/libsystem_blocks.dylib
0x0000000006aa0000 	/usr/lib/system/libsystem_c.dylib
0x0000000006aa0000 	/usr/lib/system/libsystem_configuration.dylib
0x0000000006aa0000 	/usr/lib/system/libsystem_coreservices.dylib
0x0000000006aa0000 	/usr/lib/system/libsystem_coretls.dylib
0x0000000006aa0000 	/usr/lib/system/libsystem_dnssd.dylib
0x0000000006aa0000 	/usr/lib/system/libsystem_info.dylib
0x0000000006aa0000 	/usr/lib/system/libsystem_kernel.dylib
0x0000000006aa0000 	/usr/lib/system/libsystem_m.dylib
0x0000000006aa0000 	/usr/lib/system/libsystem_malloc.dylib
0x0000000006aa0000 	/usr/lib/system/libsystem_network.dylib
0x0000000006aa0000 	/usr/lib/system/libsystem_networkextension.dylib
0x0000000006aa0000 	/usr/lib/system/libsystem_notify.dylib
0x0000000006aa0000 	/usr/lib/system/libsystem_platform.dylib
0x0000000006aa0000 	/usr/lib/system/libsystem_pthread.dylib
0x0000000006aa0000 	/usr/lib/system/libsystem_sandbox.dylib
0x0000000006aa0000 	/usr/lib/system/libsystem_secinit.dylib
0x0000000006aa0000 	/usr/lib/system/libsystem_trace.dylib
0x0000000006aa0000 	/usr/lib/system/libunc.dylib
0x0000000006aa0000 	/usr/lib/system/libunwind.dylib
0x0000000006aa0000 	/usr/lib/system/libxpc.dylib
0x0000000006aa0000 	/usr/lib/libenergytrace.dylib
0x0000000006aa0000 	/usr/lib/libbsm.0.dylib
0x0000000006aa0000 	/usr/lib/system/libkxld.dylib
0x0000000006aa0000 	/usr/lib/libxar.1.dylib
0x0000000006aa0000 	/usr/lib/libsqlite3.dylib
0x0000000006aa0000 	/usr/lib/libpam.2.dylib
0x0000000006aa0000 	/usr/lib/libOpenScriptingUtil.dylib
0x0000000006aa0000 	/usr/lib/libbz2.1.0.dylib
0x0000000006aa0000 	/usr/lib/liblzma.5.dylib
0x0000000006aa0000 	/System/Library/Frameworks/CoreServices.framework/Versions/A/Frameworks/FSEvents.framework/Versions/A/FSEvents
0x0000000006aa0000 	/System/Library/Frameworks/CoreServices.framework/Versions/A/Frameworks/CarbonCore.framework/Versions/A/CarbonCore
0x0000000006aa0000 	/System/Library/Frameworks/CoreServices.framework/Versions/A/Frameworks/Metadata.framework/Versions/A/Metadata
0x0000000006aa0000 	/System/Library/Frameworks/CoreServices.framework/Versions/A/Frameworks/OSServices.framework/Versions/A/OSServices
0x0000000006aa0000 	/System/Library/Frameworks/CoreServices.framework/Versions/A/Frameworks/SearchKit.framework/Versions/A/SearchKit
0x0000000006aa0000 	/System/Library/Frameworks/CoreServices.framework/Versions/A/Frameworks/AE.framework/Versions/A/AE
0x0000000006aa0000 	/System/Library/Frameworks/CoreServices.framework/Versions/A/Frameworks/LaunchServices.framework/Versions/A/LaunchServices
0x0000000006aa0000 	/System/Library/Frameworks/CoreServices.framework/Versions/A/Frameworks/DictionaryServices.framework/Versions/A/DictionaryServices
0x0000000006aa0000 	/System/Library/Frameworks/CoreServices.framework/Versions/A/Frameworks/SharedFileList.framework/Versions/A/SharedFileList
0x0000000006aa0000 	/System/Library/Frameworks/NetFS.framework/Versions/A/NetFS
0x0000000006aa0000 	/System/Library/PrivateFrameworks/NetAuth.framework/Versions/A/NetAuth
0x0000000006aa0000 	/System/Library/PrivateFrameworks/login.framework/Versions/A/Frameworks/loginsupport.framework/Versions/A/loginsupport
0x0000000006aa0000 	/System/Library/PrivateFrameworks/TCC.framework/Versions/A/TCC
0x0000000006aa0000 	/usr/lib/libmecabra.dylib
0x0000000006aa0000 	/System/Library/Frameworks/ApplicationServices.framework/Versions/A/Frameworks/ATS.framework/Versions/A/ATS
0x0000000006aa0000 	/System/Library/Frameworks/ApplicationServices.framework/Versions/A/Frameworks/ColorSync.framework/Versions/A/ColorSync
0x0000000006aa0000 	/System/Library/Frameworks/ApplicationServices.framework/Versions/A/Frameworks/HIServices.framework/Versions/A/HIServices
0x0000000006aa0000 	/System/Library/Frameworks/ApplicationServices.framework/Versions/A/Frameworks/LangAnalysis.framework/Versions/A/LangAnalysis
0x0000000006aa0000 	/System/Library/Frameworks/ApplicationServices.framework/Versions/A/Frameworks/PrintCore.framework/Versions/A/PrintCore
0x0000000006aa0000 	/System/Library/Frameworks/ApplicationServices.framework/Versions/A/Frameworks/QD.framework/Versions/A/QD
0x0000000006aa0000 	/System/Library/Frameworks/ApplicationServices.framework/Versions/A/Frameworks/SpeechSynthesis.framework/Versions/A/SpeechSynthesis
0x0000000006aa0000 	/System/Library/Frameworks/Metal.framework/Versions/A/Metal
0x0000000006aa0000 	/System/Library/Frameworks/Accelerate.framework/Versions/A/Frameworks/vImage.framework/Versions/A/vImage
0x0000000006aa0000 	/System/Library/Frameworks/Accelerate.framework/Versions/A/Frameworks/vecLib.framework/Versions/A/vecLib
0x0000000006aa0000 	/System/Library/Frameworks/Accelerate.framework/Versions/A/Frameworks/vecLib.framework/Versions/A/libvDSP.dylib
0x0000000006aa0000 	/System/Library/Frameworks/Accelerate.framework/Versions/A/Frameworks/vecLib.framework/Versions/A/libvMisc.dylib
0x0000000006aa0000 	/System/Library/Frameworks/Accelerate.framework/Versions/A/Frameworks/vecLib.framework/Versions/A/libLAPACK.dylib
0x0000000006aa0000 	/System/Library/Frameworks/Accelerate.framework/Versions/A/Frameworks/vecLib.framework/Versions/A/libBLAS.dylib
0x0000000006aa0000 	/System/Library/Frameworks/Accelerate.framework/Versions/A/Frameworks/vecLib.framework/Versions/A/libLinearAlgebra.dylib
0x0000000006aa0000 	/System/Library/Frameworks/Accelerate.framework/Versions/A/Frameworks/vecLib.framework/Versions/A/libSparseBLAS.dylib
0x0000000006aa0000 	/System/Library/PrivateFrameworks/GPUCompiler.framework/libmetal_timestamp.dylib
0x0000000006aa0000 	/System/Library/Frameworks/OpenGL.framework/Versions/A/Libraries/libCoreFSCache.dylib
0x0000000006aa0000 	/System/Library/PrivateFrameworks/IOAccelerator.framework/Versions/A/IOAccelerator
0x0000000006aa0000 	/System/Library/Frameworks/ApplicationServices.framework/Versions/A/Frameworks/ATS.framework/Versions/A/Resources/libFontParser.dylib
0x0000000006aa0000 	/System/Library/Frameworks/ApplicationServices.framework/Versions/A/Frameworks/ATS.framework/Versions/A/Resources/libFontRegistry.dylib
0x0000000006aa0000 	/System/Library/PrivateFrameworks/AppleVPA.framework/Versions/A/AppleVPA
0x0000000006aa0000 	/System/Library/PrivateFrameworks/AppleJPEG.framework/Versions/A/AppleJPEG
0x0000000006aa0000 	/System/Library/Frameworks/ImageIO.framework/Versions/A/Resources/libJPEG.dylib
0x0000000006aa0000 	/System/Library/Frameworks/ImageIO.framework/Versions/A/Resources/libTIFF.dylib
0x0000000006aa0000 	/System/Library/Frameworks/ImageIO.framework/Versions/A/Resources/libPng.dylib
0x0000000006aa0000 	/System/Library/Frameworks/ImageIO.framework/Versions/A/Resources/libGIF.dylib
0x0000000006aa0000 	/System/Library/Frameworks/ImageIO.framework/Versions/A/Resources/libJP2.dylib
0x0000000006aa0000 	/System/Library/Frameworks/ImageIO.framework/Versions/A/Resources/libRadiance.dylib
0x0000000006aa0000 	/System/Library/Frameworks/CoreVideo.framework/Versions/A/CoreVideo
0x0000000006aa0000 	/System/Library/Frameworks/OpenGL.framework/Versions/A/Libraries/libGLU.dylib
0x0000000006aa0000 	/System/Library/Frameworks/OpenGL.framework/Versions/A/Libraries/libGFXShared.dylib
0x0000000006aa0000 	/System/Library/Frameworks/OpenGL.framework/Versions/A/Libraries/libGL.dylib
0x0000000006aa0000 	/System/Library/Frameworks/OpenGL.framework/Versions/A/Libraries/libGLImage.dylib
0x0000000006aa0000 	/System/Library/Frameworks/OpenGL.framework/Versions/A/Libraries/libCVMSPluginSupport.dylib
0x0000000006aa0000 	/System/Library/Frameworks/OpenGL.framework/Versions/A/Libraries/libCoreVMClient.dylib
0x0000000006aa0000 	/usr/lib/libcups.2.dylib
0x0000000006aa0000 	/System/Library/Frameworks/Kerberos.framework/Versions/A/Kerberos
0x0000000006aa0000 	/System/Library/Frameworks/GSS.framework/Versions/A/GSS
0x0000000006aa0000 	/usr/lib/libresolv.9.dylib
0x0000000006aa0000 	/usr/lib/libiconv.2.dylib
0x0000000006aa0000 	/System/Library/PrivateFrameworks/Heimdal.framework/Versions/A/Heimdal
0x0000000006aa0000 	/usr/lib/libheimdal-asn1.dylib
0x0000000006aa0000 	/System/Library/Frameworks/OpenDirectory.framework/Versions/A/OpenDirectory
0x0000000006aa0000 	/System/Library/PrivateFrameworks/CommonAuth.framework/Versions/A/CommonAuth
0x0000000006aa0000 	/System/Library/Frameworks/OpenDirectory.framework/Versions/A/Frameworks/CFOpenDirectory.framework/Versions/A/CFOpenDirectory
0x0000000006aa0000 	/System/Library/Frameworks/SecurityFoundation.framework/Versions/A/SecurityFoundation
0x0000000006aa0000 	/System/Library/PrivateFrameworks/LanguageModeling.framework/Versions/A/LanguageModeling
0x0000000006aa0000 	/usr/lib/libmarisa.dylib
0x0000000006aa0000 	/usr/lib/libChineseTokenizer.dylib
0x0000000006aa0000 	/usr/lib/libcmph.dylib
0x0000000006aa0000 	/usr/lib/libcompression.dylib
0x0000000006aa0000 	/System/Library/Frameworks/ServiceManagement.framework/Versions/A/ServiceManagement
0x0000000006aa0000 	/usr/lib/libxslt.1.dylib
0x0000000006aa0000 	/System/Library/Frameworks/Carbon.framework/Versions/A/Frameworks/Ink.framework/Versions/A/Ink
0x0000000006aa0000 	/usr/lib/libFosl_dynamic.dylib
0x0000000006aa0000 	/System/Library/PrivateFrameworks/FaceCore.framework/Versions/A/FaceCore
0x0000000006aa0000 	/System/Library/Frameworks/OpenCL.framework/Versions/A/OpenCL
0x0000000006aa0000 	/System/Library/PrivateFrameworks/CrashReporterSupport.framework/Versions/A/CrashReporterSupport
0x0000000006aa0000 	/System/Library/PrivateFrameworks/IconServices.framework/Versions/A/IconServices
0x0000000006aa0000 	/System/Library/PrivateFrameworks/Apple80211.framework/Versions/A/Apple80211
0x0000000006aa0000 	/System/Library/Frameworks/CoreWLAN.framework/Versions/A/CoreWLAN
0x0000000006aa0000 	/System/Library/Frameworks/IOBluetooth.framework/Versions/A/IOBluetooth
0x0000000006aa0000 	/System/Library/PrivateFrameworks/CoreWiFi.framework/Versions/A/CoreWiFi
0x0000000006aa0000 	/System/Library/Frameworks/CoreBluetooth.framework/Versions/A/CoreBluetooth
0x0000000006aa0000 	/System/Library/PrivateFrameworks/ChunkingLibrary.framework/Versions/A/ChunkingLibrary
0x0000000006aa0000 	/System/Library/PrivateFrameworks/DebugSymbols.framework/Versions/A/DebugSymbols
0x0000000006aa0000 	/System/Library/PrivateFrameworks/CoreSymbolication.framework/Versions/A/CoreSymbolication
0x0000000006aa0000 	/System/Library/PrivateFrameworks/Symbolication.framework/Versions/A/Symbolication
0x0000000006aa0000 	/System/Library/PrivateFrameworks/SpeechRecognitionCore.framework/Versions/A/SpeechRecognitionCore
0x000000010c200000 	/Library/Java/JavaVirtualMachines/jdk1.8.0_101.jdk/Contents/Home/jre/lib/server/libjvm.dylib
0x0000000006aa0000 	/usr/lib/libstdc++.6.dylib
0x000000010b93a000 	/Library/Java/JavaVirtualMachines/jdk1.8.0_101.jdk/Contents/Home/jre/lib/libverify.dylib
0x000000010b948000 	/Library/Java/JavaVirtualMachines/jdk1.8.0_101.jdk/Contents/Home/jre/lib/libjava.dylib
0x000000010b97e000 	/Library/Java/JavaVirtualMachines/jdk1.8.0_101.jdk/Contents/Home/jre/lib/libjdwp.dylib
0x000000010b9c9000 	/Library/Java/JavaVirtualMachines/jdk1.8.0_101.jdk/Contents/Home/jre/lib/libnpt.dylib
0x000000010b9d6000 	/Library/Java/JavaVirtualMachines/jdk1.8.0_101.jdk/Contents/Home/jre/lib/libzip.dylib
0x000000012182d000 	/System/Library/Frameworks/JavaVM.framework/Frameworks/JavaRuntimeSupport.framework/JavaRuntimeSupport
0x0000000121848000 	/System/Library/Frameworks/JavaVM.framework/Versions/A/Frameworks/JavaNativeFoundation.framework/Versions/A/JavaNativeFoundation
0x000000012185d000 	/System/Library/Frameworks/JavaVM.framework/Versions/A/JavaVM
0x0000000006aa0000 	/System/Library/Frameworks/Carbon.framework/Versions/A/Carbon
0x000000012186a000 	/System/Library/PrivateFrameworks/JavaLaunching.framework/Versions/A/JavaLaunching
0x0000000006aa0000 	/System/Library/Frameworks/Carbon.framework/Versions/A/Frameworks/CommonPanels.framework/Versions/A/CommonPanels
0x0000000006aa0000 	/System/Library/Frameworks/Carbon.framework/Versions/A/Frameworks/Help.framework/Versions/A/Help
0x0000000006aa0000 	/System/Library/Frameworks/Carbon.framework/Versions/A/Frameworks/ImageCapture.framework/Versions/A/ImageCapture
0x0000000006aa0000 	/System/Library/Frameworks/Carbon.framework/Versions/A/Frameworks/OpenScripting.framework/Versions/A/OpenScripting
0x0000000006aa0000 	/System/Library/Frameworks/Carbon.framework/Versions/A/Frameworks/Print.framework/Versions/A/Print
0x0000000006aa0000 	/System/Library/Frameworks/Carbon.framework/Versions/A/Frameworks/SecurityHI.framework/Versions/A/SecurityHI
0x000000012318a000 	/Library/Java/JavaVirtualMachines/jdk1.8.0_101.jdk/Contents/Home/jre/lib/libdt_socket.dylib

VM Arguments:
jvm_args: -agentlib:jdwp=transport=dt_socket,suspend=y,address=localhost:51852 -Dfile.encoding=UTF-8 
java_command: assignment2.assignment2
java_class_path (initial): /Users/BinLi/Documents/workspace/assignment2/bin
Launcher Type: SUN_STANDARD

Environment Variables:
PATH=/usr/bin:/bin:/usr/sbin:/sbin
SHELL=/bin/bash

Signal Handlers:
SIGSEGV: [libjvm.dylib+0x5af145], sa_mask[0]=11111111011111110111111111111111, sa_flags=SA_ONSTACK|SA_RESTART|SA_SIGINFO
SIGBUS: [libjvm.dylib+0x5af145], sa_mask[0]=11111111011111110111111111111111, sa_flags=SA_RESTART|SA_SIGINFO
SIGFPE: [libjvm.dylib+0x48694c], sa_mask[0]=11111111011111110111111111111111, sa_flags=SA_RESTART|SA_SIGINFO
SIGPIPE: [libjvm.dylib+0x48694c], sa_mask[0]=11111111011111110111111111111111, sa_flags=SA_RESTART|SA_SIGINFO
SIGXFSZ: [libjvm.dylib+0x48694c], sa_mask[0]=11111111011111110111111111111111, sa_flags=SA_RESTART|SA_SIGINFO
SIGILL: [libjvm.dylib+0x48694c], sa_mask[0]=11111111011111110111111111111111, sa_flags=SA_RESTART|SA_SIGINFO
SIGUSR1: SIG_DFL, sa_mask[0]=00000000000000000000000000000000, sa_flags=none
SIGUSR2: [libjvm.dylib+0x48646a], sa_mask[0]=00100000000000000000000000000000, sa_flags=SA_RESTART|SA_SIGINFO
SIGHUP: [libjvm.dylib+0x484a41], sa_mask[0]=11111111011111110111111111111111, sa_flags=SA_RESTART|SA_SIGINFO
SIGINT: [libjvm.dylib+0x484a41], sa_mask[0]=11111111011111110111111111111111, sa_flags=SA_RESTART|SA_SIGINFO
SIGTERM: [libjvm.dylib+0x484a41], sa_mask[0]=11111111011111110111111111111111, sa_flags=SA_RESTART|SA_SIGINFO
SIGQUIT: [libjvm.dylib+0x484a41], sa_mask[0]=11111111011111110111111111111111, sa_flags=SA_RESTART|SA_SIGINFO


---------------  S Y S T E M  ---------------

OS:Bsduname:Darwin 15.4.0 Darwin Kernel Version 15.4.0: Fri Feb 26 22:08:05 PST 2016; root:xnu-3248.40.184~3/RELEASE_X86_64 x86_64
rlimit: STACK 8192k, CORE 0k, NPROC 709, NOFILE 10240, AS infinity
load average:2.37 3.15 2.91

CPU:total 4 (2 cores per cpu, 2 threads per core) family 6 model 58 stepping 9, cmov, cx8, fxsr, mmx, sse, sse2, sse3, ssse3, sse4.1, sse4.2, popcnt, avx, aes, clmul, erms, ht, tsc, tscinvbit, tscinv

Memory: 4k page, physical 6291456k(17140k free)

/proc/meminfo:


vm_info: Java HotSpot(TM) 64-Bit Server VM (25.101-b13) for bsd-amd64 JRE (1.8.0_101-b13), built on Jun 22 2016 02:42:15 by "java_re" with gcc 4.2.1 (Based on Apple Inc. build 5658) (LLVM build 2336.11.00)

time: Tue Oct 11 10:27:35 2016
elapsed time: 55123 seconds (0d 15h 18m 43s)

